2021-01-22 23:13:34,408 INFO 14604 [Timer] C:\Users\DaFu\Desktop\work\learn\egg-example\node_modules\_egg-multipart@2.10.3@egg-multipart\app\schedule\clean_tmpdir.js next time will execute after 18985593ms at 2021-01-23 04:30:00.001
2021-01-22 23:13:34,408 INFO 14604 [Timer] C:\Users\DaFu\Desktop\work\learn\egg-example\node_modules\_egg-logrotator@3.1.0@egg-logrotator\app\schedule\clean_log.js next time will execute after 2785592ms at 2021-01-23 00:00:00.000
2021-01-22 23:13:34,409 INFO 14604 [Timer] C:\Users\DaFu\Desktop\work\learn\egg-example\node_modules\_egg-logrotator@3.1.0@egg-logrotator\app\schedule\rotate_by_file.js next time will execute after 2786592ms at 2021-01-23 00:00:01.001
2021-01-22 23:13:34,190 INFO 14140 [egg-schedule]: register schedule C:\Users\DaFu\Desktop\work\learn\egg-example\node_modules\_egg-multipart@2.10.3@egg-multipart\app\schedule\clean_tmpdir.js
2021-01-22 23:13:34,190 INFO 14140 [egg-schedule]: register schedule C:\Users\DaFu\Desktop\work\learn\egg-example\node_modules\_egg-logrotator@3.1.0@egg-logrotator\app\schedule\clean_log.js
2021-01-22 23:13:34,190 INFO 14140 [egg-schedule]: register schedule C:\Users\DaFu\Desktop\work\learn\egg-example\node_modules\_egg-logrotator@3.1.0@egg-logrotator\app\schedule\rotate_by_file.js
2021-01-23 15:24:46,542 INFO 4280 [Timer] D:\learn\learn\egg-example\node_modules\_egg-multipart@2.10.3@egg-multipart\app\schedule\clean_tmpdir.js next time will execute after 47113462ms at 2021-01-24 04:30:00.004
2021-01-23 15:24:46,542 INFO 4280 [Timer] D:\learn\learn\egg-example\node_modules\_egg-logrotator@3.1.0@egg-logrotator\app\schedule\clean_log.js next time will execute after 30913458ms at 2021-01-24 00:00:00.000
2021-01-23 15:24:46,543 INFO 4280 [Timer] D:\learn\learn\egg-example\node_modules\_egg-logrotator@3.1.0@egg-logrotator\app\schedule\rotate_by_file.js next time will execute after 30914458ms at 2021-01-24 00:00:01.001
2021-01-23 15:24:46,339 INFO 2908 [egg-schedule]: register schedule D:\learn\learn\egg-example\node_modules\_egg-multipart@2.10.3@egg-multipart\app\schedule\clean_tmpdir.js
2021-01-23 15:24:46,339 INFO 2908 [egg-schedule]: register schedule D:\learn\learn\egg-example\node_modules\_egg-logrotator@3.1.0@egg-logrotator\app\schedule\clean_log.js
2021-01-23 15:24:46,339 INFO 2908 [egg-schedule]: register schedule D:\learn\learn\egg-example\node_modules\_egg-logrotator@3.1.0@egg-logrotator\app\schedule\rotate_by_file.js
2021-01-23 15:30:55,406 INFO 11028 [egg-schedule]: register schedule D:\learn\learn\egg-example\node_modules\_egg-multipart@2.10.3@egg-multipart\app\schedule\clean_tmpdir.js
2021-01-23 15:30:55,406 INFO 11028 [egg-schedule]: register schedule D:\learn\learn\egg-example\node_modules\_egg-logrotator@3.1.0@egg-logrotator\app\schedule\clean_log.js
2021-01-23 15:30:55,406 INFO 11028 [egg-schedule]: register schedule D:\learn\learn\egg-example\node_modules\_egg-logrotator@3.1.0@egg-logrotator\app\schedule\rotate_by_file.js
2021-01-23 15:30:56,739 INFO 11076 [egg-schedule]: register schedule D:\learn\learn\egg-example\node_modules\_egg-multipart@2.10.3@egg-multipart\app\schedule\clean_tmpdir.js
2021-01-23 15:30:56,739 INFO 11076 [egg-schedule]: register schedule D:\learn\learn\egg-example\node_modules\_egg-logrotator@3.1.0@egg-logrotator\app\schedule\clean_log.js
2021-01-23 15:30:56,739 INFO 11076 [egg-schedule]: register schedule D:\learn\learn\egg-example\node_modules\_egg-logrotator@3.1.0@egg-logrotator\app\schedule\rotate_by_file.js
2021-01-23 15:31:17,797 INFO 10076 [egg-schedule]: register schedule D:\learn\learn\egg-example\node_modules\_egg-multipart@2.10.3@egg-multipart\app\schedule\clean_tmpdir.js
2021-01-23 15:31:17,797 INFO 10076 [egg-schedule]: register schedule D:\learn\learn\egg-example\node_modules\_egg-logrotator@3.1.0@egg-logrotator\app\schedule\clean_log.js
2021-01-23 15:31:17,797 INFO 10076 [egg-schedule]: register schedule D:\learn\learn\egg-example\node_modules\_egg-logrotator@3.1.0@egg-logrotator\app\schedule\rotate_by_file.js
2021-01-23 15:31:19,139 INFO 10308 [egg-schedule]: register schedule D:\learn\learn\egg-example\node_modules\_egg-multipart@2.10.3@egg-multipart\app\schedule\clean_tmpdir.js
2021-01-23 15:31:19,139 INFO 10308 [egg-schedule]: register schedule D:\learn\learn\egg-example\node_modules\_egg-logrotator@3.1.0@egg-logrotator\app\schedule\clean_log.js
2021-01-23 15:31:19,139 INFO 10308 [egg-schedule]: register schedule D:\learn\learn\egg-example\node_modules\_egg-logrotator@3.1.0@egg-logrotator\app\schedule\rotate_by_file.js
2021-01-23 15:31:22,273 INFO 10524 [egg-schedule]: register schedule D:\learn\learn\egg-example\node_modules\_egg-multipart@2.10.3@egg-multipart\app\schedule\clean_tmpdir.js
2021-01-23 15:31:22,273 INFO 10524 [egg-schedule]: register schedule D:\learn\learn\egg-example\node_modules\_egg-logrotator@3.1.0@egg-logrotator\app\schedule\clean_log.js
2021-01-23 15:31:22,273 INFO 10524 [egg-schedule]: register schedule D:\learn\learn\egg-example\node_modules\_egg-logrotator@3.1.0@egg-logrotator\app\schedule\rotate_by_file.js
2021-01-23 15:31:41,795 INFO 10184 [egg-schedule]: register schedule D:\learn\learn\egg-example\node_modules\_egg-multipart@2.10.3@egg-multipart\app\schedule\clean_tmpdir.js
2021-01-23 15:31:41,795 INFO 10184 [egg-schedule]: register schedule D:\learn\learn\egg-example\node_modules\_egg-logrotator@3.1.0@egg-logrotator\app\schedule\clean_log.js
2021-01-23 15:31:41,795 INFO 10184 [egg-schedule]: register schedule D:\learn\learn\egg-example\node_modules\_egg-logrotator@3.1.0@egg-logrotator\app\schedule\rotate_by_file.js
2021-01-23 15:31:43,663 INFO 7980 [egg-schedule]: register schedule D:\learn\learn\egg-example\node_modules\_egg-multipart@2.10.3@egg-multipart\app\schedule\clean_tmpdir.js
2021-01-23 15:31:43,663 INFO 7980 [egg-schedule]: register schedule D:\learn\learn\egg-example\node_modules\_egg-logrotator@3.1.0@egg-logrotator\app\schedule\clean_log.js
2021-01-23 15:31:43,663 INFO 7980 [egg-schedule]: register schedule D:\learn\learn\egg-example\node_modules\_egg-logrotator@3.1.0@egg-logrotator\app\schedule\rotate_by_file.js
2021-01-23 15:31:46,487 INFO 8584 [egg-schedule]: register schedule D:\learn\learn\egg-example\node_modules\_egg-multipart@2.10.3@egg-multipart\app\schedule\clean_tmpdir.js
2021-01-23 15:31:46,487 INFO 8584 [egg-schedule]: register schedule D:\learn\learn\egg-example\node_modules\_egg-logrotator@3.1.0@egg-logrotator\app\schedule\clean_log.js
2021-01-23 15:31:46,487 INFO 8584 [egg-schedule]: register schedule D:\learn\learn\egg-example\node_modules\_egg-logrotator@3.1.0@egg-logrotator\app\schedule\rotate_by_file.js
2021-01-23 15:31:54,804 INFO 2528 [egg-schedule]: register schedule D:\learn\learn\egg-example\node_modules\_egg-multipart@2.10.3@egg-multipart\app\schedule\clean_tmpdir.js
2021-01-23 15:31:54,804 INFO 2528 [egg-schedule]: register schedule D:\learn\learn\egg-example\node_modules\_egg-logrotator@3.1.0@egg-logrotator\app\schedule\clean_log.js
2021-01-23 15:31:54,804 INFO 2528 [egg-schedule]: register schedule D:\learn\learn\egg-example\node_modules\_egg-logrotator@3.1.0@egg-logrotator\app\schedule\rotate_by_file.js
2021-01-23 15:31:56,109 INFO 10908 [egg-schedule]: register schedule D:\learn\learn\egg-example\node_modules\_egg-multipart@2.10.3@egg-multipart\app\schedule\clean_tmpdir.js
2021-01-23 15:31:56,109 INFO 10908 [egg-schedule]: register schedule D:\learn\learn\egg-example\node_modules\_egg-logrotator@3.1.0@egg-logrotator\app\schedule\clean_log.js
2021-01-23 15:31:56,109 INFO 10908 [egg-schedule]: register schedule D:\learn\learn\egg-example\node_modules\_egg-logrotator@3.1.0@egg-logrotator\app\schedule\rotate_by_file.js
2021-01-23 15:32:19,214 INFO 9676 [egg-schedule]: register schedule D:\learn\learn\egg-example\node_modules\_egg-multipart@2.10.3@egg-multipart\app\schedule\clean_tmpdir.js
2021-01-23 15:32:19,214 INFO 9676 [egg-schedule]: register schedule D:\learn\learn\egg-example\node_modules\_egg-logrotator@3.1.0@egg-logrotator\app\schedule\clean_log.js
2021-01-23 15:32:19,214 INFO 9676 [egg-schedule]: register schedule D:\learn\learn\egg-example\node_modules\_egg-logrotator@3.1.0@egg-logrotator\app\schedule\rotate_by_file.js
2021-01-23 15:32:23,173 INFO 6200 [egg-schedule]: register schedule D:\learn\learn\egg-example\node_modules\_egg-multipart@2.10.3@egg-multipart\app\schedule\clean_tmpdir.js
2021-01-23 15:32:23,173 INFO 6200 [egg-schedule]: register schedule D:\learn\learn\egg-example\node_modules\_egg-logrotator@3.1.0@egg-logrotator\app\schedule\clean_log.js
2021-01-23 15:32:23,173 INFO 6200 [egg-schedule]: register schedule D:\learn\learn\egg-example\node_modules\_egg-logrotator@3.1.0@egg-logrotator\app\schedule\rotate_by_file.js
2021-01-23 15:32:26,234 INFO 3652 [egg-schedule]: register schedule D:\learn\learn\egg-example\node_modules\_egg-multipart@2.10.3@egg-multipart\app\schedule\clean_tmpdir.js
2021-01-23 15:32:26,234 INFO 3652 [egg-schedule]: register schedule D:\learn\learn\egg-example\node_modules\_egg-logrotator@3.1.0@egg-logrotator\app\schedule\clean_log.js
2021-01-23 15:32:26,234 INFO 3652 [egg-schedule]: register schedule D:\learn\learn\egg-example\node_modules\_egg-logrotator@3.1.0@egg-logrotator\app\schedule\rotate_by_file.js
2021-01-23 15:32:29,452 INFO 2528 [egg-schedule]: register schedule D:\learn\learn\egg-example\node_modules\_egg-multipart@2.10.3@egg-multipart\app\schedule\clean_tmpdir.js
2021-01-23 15:32:29,452 INFO 2528 [egg-schedule]: register schedule D:\learn\learn\egg-example\node_modules\_egg-logrotator@3.1.0@egg-logrotator\app\schedule\clean_log.js
2021-01-23 15:32:29,452 INFO 2528 [egg-schedule]: register schedule D:\learn\learn\egg-example\node_modules\_egg-logrotator@3.1.0@egg-logrotator\app\schedule\rotate_by_file.js
2021-01-23 15:32:55,599 INFO 9328 [egg-schedule]: register schedule D:\learn\learn\egg-example\node_modules\_egg-multipart@2.10.3@egg-multipart\app\schedule\clean_tmpdir.js
2021-01-23 15:32:55,600 INFO 9328 [egg-schedule]: register schedule D:\learn\learn\egg-example\node_modules\_egg-logrotator@3.1.0@egg-logrotator\app\schedule\clean_log.js
2021-01-23 15:32:55,600 INFO 9328 [egg-schedule]: register schedule D:\learn\learn\egg-example\node_modules\_egg-logrotator@3.1.0@egg-logrotator\app\schedule\rotate_by_file.js
2021-01-23 15:32:57,581 INFO 10864 [egg-schedule]: register schedule D:\learn\learn\egg-example\node_modules\_egg-multipart@2.10.3@egg-multipart\app\schedule\clean_tmpdir.js
2021-01-23 15:32:57,581 INFO 10864 [egg-schedule]: register schedule D:\learn\learn\egg-example\node_modules\_egg-logrotator@3.1.0@egg-logrotator\app\schedule\clean_log.js
2021-01-23 15:32:57,581 INFO 10864 [egg-schedule]: register schedule D:\learn\learn\egg-example\node_modules\_egg-logrotator@3.1.0@egg-logrotator\app\schedule\rotate_by_file.js
2021-01-23 15:32:59,010 INFO 8136 [egg-schedule]: register schedule D:\learn\learn\egg-example\node_modules\_egg-multipart@2.10.3@egg-multipart\app\schedule\clean_tmpdir.js
2021-01-23 15:32:59,011 INFO 8136 [egg-schedule]: register schedule D:\learn\learn\egg-example\node_modules\_egg-logrotator@3.1.0@egg-logrotator\app\schedule\clean_log.js
2021-01-23 15:32:59,011 INFO 8136 [egg-schedule]: register schedule D:\learn\learn\egg-example\node_modules\_egg-logrotator@3.1.0@egg-logrotator\app\schedule\rotate_by_file.js
2021-01-23 15:33:04,121 INFO 9728 [egg-schedule]: register schedule D:\learn\learn\egg-example\node_modules\_egg-multipart@2.10.3@egg-multipart\app\schedule\clean_tmpdir.js
2021-01-23 15:33:04,121 INFO 9728 [egg-schedule]: register schedule D:\learn\learn\egg-example\node_modules\_egg-logrotator@3.1.0@egg-logrotator\app\schedule\clean_log.js
2021-01-23 15:33:04,121 INFO 9728 [egg-schedule]: register schedule D:\learn\learn\egg-example\node_modules\_egg-logrotator@3.1.0@egg-logrotator\app\schedule\rotate_by_file.js
2021-01-23 15:33:05,688 INFO 8460 [egg-schedule]: register schedule D:\learn\learn\egg-example\node_modules\_egg-multipart@2.10.3@egg-multipart\app\schedule\clean_tmpdir.js
2021-01-23 15:33:05,688 INFO 8460 [egg-schedule]: register schedule D:\learn\learn\egg-example\node_modules\_egg-logrotator@3.1.0@egg-logrotator\app\schedule\clean_log.js
2021-01-23 15:33:05,688 INFO 8460 [egg-schedule]: register schedule D:\learn\learn\egg-example\node_modules\_egg-logrotator@3.1.0@egg-logrotator\app\schedule\rotate_by_file.js
2021-01-23 15:33:08,279 INFO 1628 [egg-schedule]: register schedule D:\learn\learn\egg-example\node_modules\_egg-multipart@2.10.3@egg-multipart\app\schedule\clean_tmpdir.js
2021-01-23 15:33:08,279 INFO 1628 [egg-schedule]: register schedule D:\learn\learn\egg-example\node_modules\_egg-logrotator@3.1.0@egg-logrotator\app\schedule\clean_log.js
2021-01-23 15:33:08,279 INFO 1628 [egg-schedule]: register schedule D:\learn\learn\egg-example\node_modules\_egg-logrotator@3.1.0@egg-logrotator\app\schedule\rotate_by_file.js
2021-01-23 15:33:09,859 INFO 2576 [egg-schedule]: register schedule D:\learn\learn\egg-example\node_modules\_egg-multipart@2.10.3@egg-multipart\app\schedule\clean_tmpdir.js
2021-01-23 15:33:09,859 INFO 2576 [egg-schedule]: register schedule D:\learn\learn\egg-example\node_modules\_egg-logrotator@3.1.0@egg-logrotator\app\schedule\clean_log.js
2021-01-23 15:33:09,859 INFO 2576 [egg-schedule]: register schedule D:\learn\learn\egg-example\node_modules\_egg-logrotator@3.1.0@egg-logrotator\app\schedule\rotate_by_file.js
2021-01-23 15:33:11,964 INFO 7872 [egg-schedule]: register schedule D:\learn\learn\egg-example\node_modules\_egg-multipart@2.10.3@egg-multipart\app\schedule\clean_tmpdir.js
2021-01-23 15:33:11,964 INFO 7872 [egg-schedule]: register schedule D:\learn\learn\egg-example\node_modules\_egg-logrotator@3.1.0@egg-logrotator\app\schedule\clean_log.js
2021-01-23 15:33:11,964 INFO 7872 [egg-schedule]: register schedule D:\learn\learn\egg-example\node_modules\_egg-logrotator@3.1.0@egg-logrotator\app\schedule\rotate_by_file.js
2021-01-23 15:33:13,437 INFO 10736 [egg-schedule]: register schedule D:\learn\learn\egg-example\node_modules\_egg-multipart@2.10.3@egg-multipart\app\schedule\clean_tmpdir.js
2021-01-23 15:33:13,437 INFO 10736 [egg-schedule]: register schedule D:\learn\learn\egg-example\node_modules\_egg-logrotator@3.1.0@egg-logrotator\app\schedule\clean_log.js
2021-01-23 15:33:13,437 INFO 10736 [egg-schedule]: register schedule D:\learn\learn\egg-example\node_modules\_egg-logrotator@3.1.0@egg-logrotator\app\schedule\rotate_by_file.js
2021-01-23 15:33:14,775 INFO 8604 [egg-schedule]: register schedule D:\learn\learn\egg-example\node_modules\_egg-multipart@2.10.3@egg-multipart\app\schedule\clean_tmpdir.js
2021-01-23 15:33:14,775 INFO 8604 [egg-schedule]: register schedule D:\learn\learn\egg-example\node_modules\_egg-logrotator@3.1.0@egg-logrotator\app\schedule\clean_log.js
2021-01-23 15:33:14,775 INFO 8604 [egg-schedule]: register schedule D:\learn\learn\egg-example\node_modules\_egg-logrotator@3.1.0@egg-logrotator\app\schedule\rotate_by_file.js
2021-01-23 15:33:16,935 INFO 9972 [egg-schedule]: register schedule D:\learn\learn\egg-example\node_modules\_egg-multipart@2.10.3@egg-multipart\app\schedule\clean_tmpdir.js
2021-01-23 15:33:16,935 INFO 9972 [egg-schedule]: register schedule D:\learn\learn\egg-example\node_modules\_egg-logrotator@3.1.0@egg-logrotator\app\schedule\clean_log.js
2021-01-23 15:33:16,935 INFO 9972 [egg-schedule]: register schedule D:\learn\learn\egg-example\node_modules\_egg-logrotator@3.1.0@egg-logrotator\app\schedule\rotate_by_file.js
2021-01-23 15:33:21,021 INFO 7144 [egg-schedule]: register schedule D:\learn\learn\egg-example\node_modules\_egg-multipart@2.10.3@egg-multipart\app\schedule\clean_tmpdir.js
2021-01-23 15:33:21,021 INFO 7144 [egg-schedule]: register schedule D:\learn\learn\egg-example\node_modules\_egg-logrotator@3.1.0@egg-logrotator\app\schedule\clean_log.js
2021-01-23 15:33:21,021 INFO 7144 [egg-schedule]: register schedule D:\learn\learn\egg-example\node_modules\_egg-logrotator@3.1.0@egg-logrotator\app\schedule\rotate_by_file.js
2021-01-23 15:33:23,827 INFO 10880 [egg-schedule]: register schedule D:\learn\learn\egg-example\node_modules\_egg-multipart@2.10.3@egg-multipart\app\schedule\clean_tmpdir.js
2021-01-23 15:33:23,827 INFO 10880 [egg-schedule]: register schedule D:\learn\learn\egg-example\node_modules\_egg-logrotator@3.1.0@egg-logrotator\app\schedule\clean_log.js
2021-01-23 15:33:23,827 INFO 10880 [egg-schedule]: register schedule D:\learn\learn\egg-example\node_modules\_egg-logrotator@3.1.0@egg-logrotator\app\schedule\rotate_by_file.js
2021-01-23 15:33:26,154 INFO 3840 [egg-schedule]: register schedule D:\learn\learn\egg-example\node_modules\_egg-multipart@2.10.3@egg-multipart\app\schedule\clean_tmpdir.js
2021-01-23 15:33:26,154 INFO 3840 [egg-schedule]: register schedule D:\learn\learn\egg-example\node_modules\_egg-logrotator@3.1.0@egg-logrotator\app\schedule\clean_log.js
2021-01-23 15:33:26,154 INFO 3840 [egg-schedule]: register schedule D:\learn\learn\egg-example\node_modules\_egg-logrotator@3.1.0@egg-logrotator\app\schedule\rotate_by_file.js
2021-01-23 15:33:27,482 INFO 2880 [egg-schedule]: register schedule D:\learn\learn\egg-example\node_modules\_egg-multipart@2.10.3@egg-multipart\app\schedule\clean_tmpdir.js
2021-01-23 15:33:27,482 INFO 2880 [egg-schedule]: register schedule D:\learn\learn\egg-example\node_modules\_egg-logrotator@3.1.0@egg-logrotator\app\schedule\clean_log.js
2021-01-23 15:33:27,482 INFO 2880 [egg-schedule]: register schedule D:\learn\learn\egg-example\node_modules\_egg-logrotator@3.1.0@egg-logrotator\app\schedule\rotate_by_file.js
2021-01-23 15:33:29,161 INFO 8256 [egg-schedule]: register schedule D:\learn\learn\egg-example\node_modules\_egg-multipart@2.10.3@egg-multipart\app\schedule\clean_tmpdir.js
2021-01-23 15:33:29,161 INFO 8256 [egg-schedule]: register schedule D:\learn\learn\egg-example\node_modules\_egg-logrotator@3.1.0@egg-logrotator\app\schedule\clean_log.js
2021-01-23 15:33:29,161 INFO 8256 [egg-schedule]: register schedule D:\learn\learn\egg-example\node_modules\_egg-logrotator@3.1.0@egg-logrotator\app\schedule\rotate_by_file.js
2021-01-23 15:33:34,713 INFO 9600 [egg-schedule]: register schedule D:\learn\learn\egg-example\node_modules\_egg-multipart@2.10.3@egg-multipart\app\schedule\clean_tmpdir.js
2021-01-23 15:33:34,713 INFO 9600 [egg-schedule]: register schedule D:\learn\learn\egg-example\node_modules\_egg-logrotator@3.1.0@egg-logrotator\app\schedule\clean_log.js
2021-01-23 15:33:34,713 INFO 9600 [egg-schedule]: register schedule D:\learn\learn\egg-example\node_modules\_egg-logrotator@3.1.0@egg-logrotator\app\schedule\rotate_by_file.js
2021-01-23 15:33:37,907 INFO 11148 [egg-schedule]: register schedule D:\learn\learn\egg-example\node_modules\_egg-multipart@2.10.3@egg-multipart\app\schedule\clean_tmpdir.js
2021-01-23 15:33:37,907 INFO 11148 [egg-schedule]: register schedule D:\learn\learn\egg-example\node_modules\_egg-logrotator@3.1.0@egg-logrotator\app\schedule\clean_log.js
2021-01-23 15:33:37,907 INFO 11148 [egg-schedule]: register schedule D:\learn\learn\egg-example\node_modules\_egg-logrotator@3.1.0@egg-logrotator\app\schedule\rotate_by_file.js
2021-01-23 17:20:12,292 INFO 7876 [egg-schedule]: register schedule D:\learn\learn\egg-example\node_modules\_egg-multipart@2.10.3@egg-multipart\app\schedule\clean_tmpdir.js
2021-01-23 17:20:12,292 INFO 7876 [egg-schedule]: register schedule D:\learn\learn\egg-example\node_modules\_egg-logrotator@3.1.0@egg-logrotator\app\schedule\clean_log.js
2021-01-23 17:20:12,292 INFO 7876 [egg-schedule]: register schedule D:\learn\learn\egg-example\node_modules\_egg-logrotator@3.1.0@egg-logrotator\app\schedule\rotate_by_file.js
2021-01-23 17:20:13,839 INFO 9972 [egg-schedule]: register schedule D:\learn\learn\egg-example\node_modules\_egg-multipart@2.10.3@egg-multipart\app\schedule\clean_tmpdir.js
2021-01-23 17:20:13,839 INFO 9972 [egg-schedule]: register schedule D:\learn\learn\egg-example\node_modules\_egg-logrotator@3.1.0@egg-logrotator\app\schedule\clean_log.js
2021-01-23 17:20:13,839 INFO 9972 [egg-schedule]: register schedule D:\learn\learn\egg-example\node_modules\_egg-logrotator@3.1.0@egg-logrotator\app\schedule\rotate_by_file.js
2021-01-23 17:20:16,377 INFO 3312 [egg-schedule]: register schedule D:\learn\learn\egg-example\node_modules\_egg-multipart@2.10.3@egg-multipart\app\schedule\clean_tmpdir.js
2021-01-23 17:20:16,377 INFO 3312 [egg-schedule]: register schedule D:\learn\learn\egg-example\node_modules\_egg-logrotator@3.1.0@egg-logrotator\app\schedule\clean_log.js
2021-01-23 17:20:16,377 INFO 3312 [egg-schedule]: register schedule D:\learn\learn\egg-example\node_modules\_egg-logrotator@3.1.0@egg-logrotator\app\schedule\rotate_by_file.js
2021-01-23 17:20:18,471 INFO 10680 [egg-schedule]: register schedule D:\learn\learn\egg-example\node_modules\_egg-multipart@2.10.3@egg-multipart\app\schedule\clean_tmpdir.js
2021-01-23 17:20:18,471 INFO 10680 [egg-schedule]: register schedule D:\learn\learn\egg-example\node_modules\_egg-logrotator@3.1.0@egg-logrotator\app\schedule\clean_log.js
2021-01-23 17:20:18,471 INFO 10680 [egg-schedule]: register schedule D:\learn\learn\egg-example\node_modules\_egg-logrotator@3.1.0@egg-logrotator\app\schedule\rotate_by_file.js
2021-01-23 17:20:20,436 INFO 10796 [egg-schedule]: register schedule D:\learn\learn\egg-example\node_modules\_egg-multipart@2.10.3@egg-multipart\app\schedule\clean_tmpdir.js
2021-01-23 17:20:20,436 INFO 10796 [egg-schedule]: register schedule D:\learn\learn\egg-example\node_modules\_egg-logrotator@3.1.0@egg-logrotator\app\schedule\clean_log.js
2021-01-23 17:20:20,436 INFO 10796 [egg-schedule]: register schedule D:\learn\learn\egg-example\node_modules\_egg-logrotator@3.1.0@egg-logrotator\app\schedule\rotate_by_file.js
2021-01-23 17:20:21,891 INFO 11044 [egg-schedule]: register schedule D:\learn\learn\egg-example\node_modules\_egg-multipart@2.10.3@egg-multipart\app\schedule\clean_tmpdir.js
2021-01-23 17:20:21,891 INFO 11044 [egg-schedule]: register schedule D:\learn\learn\egg-example\node_modules\_egg-logrotator@3.1.0@egg-logrotator\app\schedule\clean_log.js
2021-01-23 17:20:21,891 INFO 11044 [egg-schedule]: register schedule D:\learn\learn\egg-example\node_modules\_egg-logrotator@3.1.0@egg-logrotator\app\schedule\rotate_by_file.js
2021-01-23 17:20:54,858 INFO 7904 [egg-schedule]: register schedule D:\learn\learn\egg-example\node_modules\_egg-multipart@2.10.3@egg-multipart\app\schedule\clean_tmpdir.js
2021-01-23 17:20:54,858 INFO 7904 [egg-schedule]: register schedule D:\learn\learn\egg-example\node_modules\_egg-logrotator@3.1.0@egg-logrotator\app\schedule\clean_log.js
2021-01-23 17:20:54,858 INFO 7904 [egg-schedule]: register schedule D:\learn\learn\egg-example\node_modules\_egg-logrotator@3.1.0@egg-logrotator\app\schedule\rotate_by_file.js
2021-01-23 17:20:56,514 INFO 7540 [egg-schedule]: register schedule D:\learn\learn\egg-example\node_modules\_egg-multipart@2.10.3@egg-multipart\app\schedule\clean_tmpdir.js
2021-01-23 17:20:56,514 INFO 7540 [egg-schedule]: register schedule D:\learn\learn\egg-example\node_modules\_egg-logrotator@3.1.0@egg-logrotator\app\schedule\clean_log.js
2021-01-23 17:20:56,514 INFO 7540 [egg-schedule]: register schedule D:\learn\learn\egg-example\node_modules\_egg-logrotator@3.1.0@egg-logrotator\app\schedule\rotate_by_file.js
2021-01-23 17:21:02,175 INFO 8124 [egg-schedule]: register schedule D:\learn\learn\egg-example\node_modules\_egg-multipart@2.10.3@egg-multipart\app\schedule\clean_tmpdir.js
2021-01-23 17:21:02,175 INFO 8124 [egg-schedule]: register schedule D:\learn\learn\egg-example\node_modules\_egg-logrotator@3.1.0@egg-logrotator\app\schedule\clean_log.js
2021-01-23 17:21:02,175 INFO 8124 [egg-schedule]: register schedule D:\learn\learn\egg-example\node_modules\_egg-logrotator@3.1.0@egg-logrotator\app\schedule\rotate_by_file.js
2021-01-23 17:21:04,027 INFO 10716 [egg-schedule]: register schedule D:\learn\learn\egg-example\node_modules\_egg-multipart@2.10.3@egg-multipart\app\schedule\clean_tmpdir.js
2021-01-23 17:21:04,027 INFO 10716 [egg-schedule]: register schedule D:\learn\learn\egg-example\node_modules\_egg-logrotator@3.1.0@egg-logrotator\app\schedule\clean_log.js
2021-01-23 17:21:04,027 INFO 10716 [egg-schedule]: register schedule D:\learn\learn\egg-example\node_modules\_egg-logrotator@3.1.0@egg-logrotator\app\schedule\rotate_by_file.js
2021-01-23 17:21:07,599 INFO 3292 [egg-schedule]: register schedule D:\learn\learn\egg-example\node_modules\_egg-multipart@2.10.3@egg-multipart\app\schedule\clean_tmpdir.js
2021-01-23 17:21:07,599 INFO 3292 [egg-schedule]: register schedule D:\learn\learn\egg-example\node_modules\_egg-logrotator@3.1.0@egg-logrotator\app\schedule\clean_log.js
2021-01-23 17:21:07,599 INFO 3292 [egg-schedule]: register schedule D:\learn\learn\egg-example\node_modules\_egg-logrotator@3.1.0@egg-logrotator\app\schedule\rotate_by_file.js
2021-01-23 17:21:09,563 INFO 11064 [egg-schedule]: register schedule D:\learn\learn\egg-example\node_modules\_egg-multipart@2.10.3@egg-multipart\app\schedule\clean_tmpdir.js
2021-01-23 17:21:09,563 INFO 11064 [egg-schedule]: register schedule D:\learn\learn\egg-example\node_modules\_egg-logrotator@3.1.0@egg-logrotator\app\schedule\clean_log.js
2021-01-23 17:21:09,563 INFO 11064 [egg-schedule]: register schedule D:\learn\learn\egg-example\node_modules\_egg-logrotator@3.1.0@egg-logrotator\app\schedule\rotate_by_file.js
2021-01-23 17:21:12,022 INFO 10696 [egg-schedule]: register schedule D:\learn\learn\egg-example\node_modules\_egg-multipart@2.10.3@egg-multipart\app\schedule\clean_tmpdir.js
2021-01-23 17:21:12,022 INFO 10696 [egg-schedule]: register schedule D:\learn\learn\egg-example\node_modules\_egg-logrotator@3.1.0@egg-logrotator\app\schedule\clean_log.js
2021-01-23 17:21:12,022 INFO 10696 [egg-schedule]: register schedule D:\learn\learn\egg-example\node_modules\_egg-logrotator@3.1.0@egg-logrotator\app\schedule\rotate_by_file.js
2021-01-23 17:21:17,177 INFO 10124 [egg-schedule]: register schedule D:\learn\learn\egg-example\node_modules\_egg-multipart@2.10.3@egg-multipart\app\schedule\clean_tmpdir.js
2021-01-23 17:21:17,177 INFO 10124 [egg-schedule]: register schedule D:\learn\learn\egg-example\node_modules\_egg-logrotator@3.1.0@egg-logrotator\app\schedule\clean_log.js
2021-01-23 17:21:17,177 INFO 10124 [egg-schedule]: register schedule D:\learn\learn\egg-example\node_modules\_egg-logrotator@3.1.0@egg-logrotator\app\schedule\rotate_by_file.js
2021-01-23 17:21:19,464 INFO 10676 [egg-schedule]: register schedule D:\learn\learn\egg-example\node_modules\_egg-multipart@2.10.3@egg-multipart\app\schedule\clean_tmpdir.js
2021-01-23 17:21:19,464 INFO 10676 [egg-schedule]: register schedule D:\learn\learn\egg-example\node_modules\_egg-logrotator@3.1.0@egg-logrotator\app\schedule\clean_log.js
2021-01-23 17:21:19,464 INFO 10676 [egg-schedule]: register schedule D:\learn\learn\egg-example\node_modules\_egg-logrotator@3.1.0@egg-logrotator\app\schedule\rotate_by_file.js
2021-01-23 17:21:37,869 INFO 10628 [egg-schedule]: register schedule D:\learn\learn\egg-example\node_modules\_egg-multipart@2.10.3@egg-multipart\app\schedule\clean_tmpdir.js
2021-01-23 17:21:37,869 INFO 10628 [egg-schedule]: register schedule D:\learn\learn\egg-example\node_modules\_egg-logrotator@3.1.0@egg-logrotator\app\schedule\clean_log.js
2021-01-23 17:21:37,869 INFO 10628 [egg-schedule]: register schedule D:\learn\learn\egg-example\node_modules\_egg-logrotator@3.1.0@egg-logrotator\app\schedule\rotate_by_file.js
2021-01-23 17:21:40,338 INFO 6308 [egg-schedule]: register schedule D:\learn\learn\egg-example\node_modules\_egg-multipart@2.10.3@egg-multipart\app\schedule\clean_tmpdir.js
2021-01-23 17:21:40,338 INFO 6308 [egg-schedule]: register schedule D:\learn\learn\egg-example\node_modules\_egg-logrotator@3.1.0@egg-logrotator\app\schedule\clean_log.js
2021-01-23 17:21:40,338 INFO 6308 [egg-schedule]: register schedule D:\learn\learn\egg-example\node_modules\_egg-logrotator@3.1.0@egg-logrotator\app\schedule\rotate_by_file.js
2021-01-23 17:21:42,569 INFO 10612 [egg-schedule]: register schedule D:\learn\learn\egg-example\node_modules\_egg-multipart@2.10.3@egg-multipart\app\schedule\clean_tmpdir.js
2021-01-23 17:21:42,569 INFO 10612 [egg-schedule]: register schedule D:\learn\learn\egg-example\node_modules\_egg-logrotator@3.1.0@egg-logrotator\app\schedule\clean_log.js
2021-01-23 17:21:42,569 INFO 10612 [egg-schedule]: register schedule D:\learn\learn\egg-example\node_modules\_egg-logrotator@3.1.0@egg-logrotator\app\schedule\rotate_by_file.js
2021-01-23 17:21:52,802 INFO 10496 [egg-schedule]: register schedule D:\learn\learn\egg-example\node_modules\_egg-multipart@2.10.3@egg-multipart\app\schedule\clean_tmpdir.js
2021-01-23 17:21:52,802 INFO 10496 [egg-schedule]: register schedule D:\learn\learn\egg-example\node_modules\_egg-logrotator@3.1.0@egg-logrotator\app\schedule\clean_log.js
2021-01-23 17:21:52,802 INFO 10496 [egg-schedule]: register schedule D:\learn\learn\egg-example\node_modules\_egg-logrotator@3.1.0@egg-logrotator\app\schedule\rotate_by_file.js
2021-01-23 17:21:54,545 INFO 10476 [egg-schedule]: register schedule D:\learn\learn\egg-example\node_modules\_egg-multipart@2.10.3@egg-multipart\app\schedule\clean_tmpdir.js
2021-01-23 17:21:54,545 INFO 10476 [egg-schedule]: register schedule D:\learn\learn\egg-example\node_modules\_egg-logrotator@3.1.0@egg-logrotator\app\schedule\clean_log.js
2021-01-23 17:21:54,545 INFO 10476 [egg-schedule]: register schedule D:\learn\learn\egg-example\node_modules\_egg-logrotator@3.1.0@egg-logrotator\app\schedule\rotate_by_file.js
2021-01-23 17:22:12,473 INFO 11100 [egg-schedule]: register schedule D:\learn\learn\egg-example\node_modules\_egg-multipart@2.10.3@egg-multipart\app\schedule\clean_tmpdir.js
2021-01-23 17:22:12,473 INFO 11100 [egg-schedule]: register schedule D:\learn\learn\egg-example\node_modules\_egg-logrotator@3.1.0@egg-logrotator\app\schedule\clean_log.js
2021-01-23 17:22:12,473 INFO 11100 [egg-schedule]: register schedule D:\learn\learn\egg-example\node_modules\_egg-logrotator@3.1.0@egg-logrotator\app\schedule\rotate_by_file.js
2021-01-23 17:22:13,869 INFO 9524 [egg-schedule]: register schedule D:\learn\learn\egg-example\node_modules\_egg-multipart@2.10.3@egg-multipart\app\schedule\clean_tmpdir.js
2021-01-23 17:22:13,869 INFO 9524 [egg-schedule]: register schedule D:\learn\learn\egg-example\node_modules\_egg-logrotator@3.1.0@egg-logrotator\app\schedule\clean_log.js
2021-01-23 17:22:13,869 INFO 9524 [egg-schedule]: register schedule D:\learn\learn\egg-example\node_modules\_egg-logrotator@3.1.0@egg-logrotator\app\schedule\rotate_by_file.js
2021-01-23 17:22:17,107 INFO 9716 [egg-schedule]: register schedule D:\learn\learn\egg-example\node_modules\_egg-multipart@2.10.3@egg-multipart\app\schedule\clean_tmpdir.js
2021-01-23 17:22:17,107 INFO 9716 [egg-schedule]: register schedule D:\learn\learn\egg-example\node_modules\_egg-logrotator@3.1.0@egg-logrotator\app\schedule\clean_log.js
2021-01-23 17:22:17,107 INFO 9716 [egg-schedule]: register schedule D:\learn\learn\egg-example\node_modules\_egg-logrotator@3.1.0@egg-logrotator\app\schedule\rotate_by_file.js
2021-01-23 17:22:20,044 INFO 11256 [egg-schedule]: register schedule D:\learn\learn\egg-example\node_modules\_egg-multipart@2.10.3@egg-multipart\app\schedule\clean_tmpdir.js
2021-01-23 17:22:20,044 INFO 11256 [egg-schedule]: register schedule D:\learn\learn\egg-example\node_modules\_egg-logrotator@3.1.0@egg-logrotator\app\schedule\clean_log.js
2021-01-23 17:22:20,044 INFO 11256 [egg-schedule]: register schedule D:\learn\learn\egg-example\node_modules\_egg-logrotator@3.1.0@egg-logrotator\app\schedule\rotate_by_file.js
2021-01-23 17:22:21,389 INFO 10728 [egg-schedule]: register schedule D:\learn\learn\egg-example\node_modules\_egg-multipart@2.10.3@egg-multipart\app\schedule\clean_tmpdir.js
2021-01-23 17:22:21,389 INFO 10728 [egg-schedule]: register schedule D:\learn\learn\egg-example\node_modules\_egg-logrotator@3.1.0@egg-logrotator\app\schedule\clean_log.js
2021-01-23 17:22:21,389 INFO 10728 [egg-schedule]: register schedule D:\learn\learn\egg-example\node_modules\_egg-logrotator@3.1.0@egg-logrotator\app\schedule\rotate_by_file.js
2021-01-23 17:22:23,529 INFO 10412 [egg-schedule]: register schedule D:\learn\learn\egg-example\node_modules\_egg-multipart@2.10.3@egg-multipart\app\schedule\clean_tmpdir.js
2021-01-23 17:22:23,529 INFO 10412 [egg-schedule]: register schedule D:\learn\learn\egg-example\node_modules\_egg-logrotator@3.1.0@egg-logrotator\app\schedule\clean_log.js
2021-01-23 17:22:23,529 INFO 10412 [egg-schedule]: register schedule D:\learn\learn\egg-example\node_modules\_egg-logrotator@3.1.0@egg-logrotator\app\schedule\rotate_by_file.js
2021-01-23 17:22:26,324 INFO 10336 [egg-schedule]: register schedule D:\learn\learn\egg-example\node_modules\_egg-multipart@2.10.3@egg-multipart\app\schedule\clean_tmpdir.js
2021-01-23 17:22:26,324 INFO 10336 [egg-schedule]: register schedule D:\learn\learn\egg-example\node_modules\_egg-logrotator@3.1.0@egg-logrotator\app\schedule\clean_log.js
2021-01-23 17:22:26,324 INFO 10336 [egg-schedule]: register schedule D:\learn\learn\egg-example\node_modules\_egg-logrotator@3.1.0@egg-logrotator\app\schedule\rotate_by_file.js
2021-01-23 17:22:29,276 INFO 7872 [egg-schedule]: register schedule D:\learn\learn\egg-example\node_modules\_egg-multipart@2.10.3@egg-multipart\app\schedule\clean_tmpdir.js
2021-01-23 17:22:29,276 INFO 7872 [egg-schedule]: register schedule D:\learn\learn\egg-example\node_modules\_egg-logrotator@3.1.0@egg-logrotator\app\schedule\clean_log.js
2021-01-23 17:22:29,276 INFO 7872 [egg-schedule]: register schedule D:\learn\learn\egg-example\node_modules\_egg-logrotator@3.1.0@egg-logrotator\app\schedule\rotate_by_file.js
2021-01-23 17:22:32,091 INFO 2576 [egg-schedule]: register schedule D:\learn\learn\egg-example\node_modules\_egg-multipart@2.10.3@egg-multipart\app\schedule\clean_tmpdir.js
2021-01-23 17:22:32,091 INFO 2576 [egg-schedule]: register schedule D:\learn\learn\egg-example\node_modules\_egg-logrotator@3.1.0@egg-logrotator\app\schedule\clean_log.js
2021-01-23 17:22:32,091 INFO 2576 [egg-schedule]: register schedule D:\learn\learn\egg-example\node_modules\_egg-logrotator@3.1.0@egg-logrotator\app\schedule\rotate_by_file.js
2021-01-23 17:22:37,257 INFO 10580 [egg-schedule]: register schedule D:\learn\learn\egg-example\node_modules\_egg-multipart@2.10.3@egg-multipart\app\schedule\clean_tmpdir.js
2021-01-23 17:22:37,257 INFO 10580 [egg-schedule]: register schedule D:\learn\learn\egg-example\node_modules\_egg-logrotator@3.1.0@egg-logrotator\app\schedule\clean_log.js
2021-01-23 17:22:37,257 INFO 10580 [egg-schedule]: register schedule D:\learn\learn\egg-example\node_modules\_egg-logrotator@3.1.0@egg-logrotator\app\schedule\rotate_by_file.js
2021-01-23 17:22:44,369 INFO 6736 [egg-schedule]: register schedule D:\learn\learn\egg-example\node_modules\_egg-multipart@2.10.3@egg-multipart\app\schedule\clean_tmpdir.js
2021-01-23 17:22:44,369 INFO 6736 [egg-schedule]: register schedule D:\learn\learn\egg-example\node_modules\_egg-logrotator@3.1.0@egg-logrotator\app\schedule\clean_log.js
2021-01-23 17:22:44,369 INFO 6736 [egg-schedule]: register schedule D:\learn\learn\egg-example\node_modules\_egg-logrotator@3.1.0@egg-logrotator\app\schedule\rotate_by_file.js
2021-01-23 17:22:49,670 INFO 3192 [egg-schedule]: register schedule D:\learn\learn\egg-example\node_modules\_egg-multipart@2.10.3@egg-multipart\app\schedule\clean_tmpdir.js
2021-01-23 17:22:49,670 INFO 3192 [egg-schedule]: register schedule D:\learn\learn\egg-example\node_modules\_egg-logrotator@3.1.0@egg-logrotator\app\schedule\clean_log.js
2021-01-23 17:22:49,670 INFO 3192 [egg-schedule]: register schedule D:\learn\learn\egg-example\node_modules\_egg-logrotator@3.1.0@egg-logrotator\app\schedule\rotate_by_file.js
2021-01-23 17:22:51,213 INFO 9268 [egg-schedule]: register schedule D:\learn\learn\egg-example\node_modules\_egg-multipart@2.10.3@egg-multipart\app\schedule\clean_tmpdir.js
2021-01-23 17:22:51,213 INFO 9268 [egg-schedule]: register schedule D:\learn\learn\egg-example\node_modules\_egg-logrotator@3.1.0@egg-logrotator\app\schedule\clean_log.js
2021-01-23 17:22:51,213 INFO 9268 [egg-schedule]: register schedule D:\learn\learn\egg-example\node_modules\_egg-logrotator@3.1.0@egg-logrotator\app\schedule\rotate_by_file.js
2021-01-23 17:22:53,701 INFO 10804 [egg-schedule]: register schedule D:\learn\learn\egg-example\node_modules\_egg-multipart@2.10.3@egg-multipart\app\schedule\clean_tmpdir.js
2021-01-23 17:22:53,701 INFO 10804 [egg-schedule]: register schedule D:\learn\learn\egg-example\node_modules\_egg-logrotator@3.1.0@egg-logrotator\app\schedule\clean_log.js
2021-01-23 17:22:53,701 INFO 10804 [egg-schedule]: register schedule D:\learn\learn\egg-example\node_modules\_egg-logrotator@3.1.0@egg-logrotator\app\schedule\rotate_by_file.js
2021-01-23 17:22:58,534 INFO 10348 [egg-schedule]: register schedule D:\learn\learn\egg-example\node_modules\_egg-multipart@2.10.3@egg-multipart\app\schedule\clean_tmpdir.js
2021-01-23 17:22:58,534 INFO 10348 [egg-schedule]: register schedule D:\learn\learn\egg-example\node_modules\_egg-logrotator@3.1.0@egg-logrotator\app\schedule\clean_log.js
2021-01-23 17:22:58,534 INFO 10348 [egg-schedule]: register schedule D:\learn\learn\egg-example\node_modules\_egg-logrotator@3.1.0@egg-logrotator\app\schedule\rotate_by_file.js
2021-01-23 17:23:02,644 INFO 5472 [egg-schedule]: register schedule D:\learn\learn\egg-example\node_modules\_egg-multipart@2.10.3@egg-multipart\app\schedule\clean_tmpdir.js
2021-01-23 17:23:02,644 INFO 5472 [egg-schedule]: register schedule D:\learn\learn\egg-example\node_modules\_egg-logrotator@3.1.0@egg-logrotator\app\schedule\clean_log.js
2021-01-23 17:23:02,644 INFO 5472 [egg-schedule]: register schedule D:\learn\learn\egg-example\node_modules\_egg-logrotator@3.1.0@egg-logrotator\app\schedule\rotate_by_file.js
2021-01-23 17:23:09,323 INFO 10944 [egg-schedule]: register schedule D:\learn\learn\egg-example\node_modules\_egg-multipart@2.10.3@egg-multipart\app\schedule\clean_tmpdir.js
2021-01-23 17:23:09,323 INFO 10944 [egg-schedule]: register schedule D:\learn\learn\egg-example\node_modules\_egg-logrotator@3.1.0@egg-logrotator\app\schedule\clean_log.js
2021-01-23 17:23:09,323 INFO 10944 [egg-schedule]: register schedule D:\learn\learn\egg-example\node_modules\_egg-logrotator@3.1.0@egg-logrotator\app\schedule\rotate_by_file.js
2021-01-23 17:23:12,090 INFO 11064 [egg-schedule]: register schedule D:\learn\learn\egg-example\node_modules\_egg-multipart@2.10.3@egg-multipart\app\schedule\clean_tmpdir.js
2021-01-23 17:23:12,090 INFO 11064 [egg-schedule]: register schedule D:\learn\learn\egg-example\node_modules\_egg-logrotator@3.1.0@egg-logrotator\app\schedule\clean_log.js
2021-01-23 17:23:12,090 INFO 11064 [egg-schedule]: register schedule D:\learn\learn\egg-example\node_modules\_egg-logrotator@3.1.0@egg-logrotator\app\schedule\rotate_by_file.js
2021-01-23 17:23:21,440 INFO 10708 [egg-schedule]: register schedule D:\learn\learn\egg-example\node_modules\_egg-multipart@2.10.3@egg-multipart\app\schedule\clean_tmpdir.js
2021-01-23 17:23:21,440 INFO 10708 [egg-schedule]: register schedule D:\learn\learn\egg-example\node_modules\_egg-logrotator@3.1.0@egg-logrotator\app\schedule\clean_log.js
2021-01-23 17:23:21,440 INFO 10708 [egg-schedule]: register schedule D:\learn\learn\egg-example\node_modules\_egg-logrotator@3.1.0@egg-logrotator\app\schedule\rotate_by_file.js
2021-01-23 17:23:22,775 INFO 3768 [egg-schedule]: register schedule D:\learn\learn\egg-example\node_modules\_egg-multipart@2.10.3@egg-multipart\app\schedule\clean_tmpdir.js
2021-01-23 17:23:22,775 INFO 3768 [egg-schedule]: register schedule D:\learn\learn\egg-example\node_modules\_egg-logrotator@3.1.0@egg-logrotator\app\schedule\clean_log.js
2021-01-23 17:23:22,775 INFO 3768 [egg-schedule]: register schedule D:\learn\learn\egg-example\node_modules\_egg-logrotator@3.1.0@egg-logrotator\app\schedule\rotate_by_file.js
2021-01-23 17:23:24,507 INFO 4076 [egg-schedule]: register schedule D:\learn\learn\egg-example\node_modules\_egg-multipart@2.10.3@egg-multipart\app\schedule\clean_tmpdir.js
2021-01-23 17:23:24,507 INFO 4076 [egg-schedule]: register schedule D:\learn\learn\egg-example\node_modules\_egg-logrotator@3.1.0@egg-logrotator\app\schedule\clean_log.js
2021-01-23 17:23:24,507 INFO 4076 [egg-schedule]: register schedule D:\learn\learn\egg-example\node_modules\_egg-logrotator@3.1.0@egg-logrotator\app\schedule\rotate_by_file.js
2021-01-23 17:23:27,439 INFO 7272 [egg-schedule]: register schedule D:\learn\learn\egg-example\node_modules\_egg-multipart@2.10.3@egg-multipart\app\schedule\clean_tmpdir.js
2021-01-23 17:23:27,439 INFO 7272 [egg-schedule]: register schedule D:\learn\learn\egg-example\node_modules\_egg-logrotator@3.1.0@egg-logrotator\app\schedule\clean_log.js
2021-01-23 17:23:27,440 INFO 7272 [egg-schedule]: register schedule D:\learn\learn\egg-example\node_modules\_egg-logrotator@3.1.0@egg-logrotator\app\schedule\rotate_by_file.js
2021-01-23 17:23:28,782 INFO 10648 [egg-schedule]: register schedule D:\learn\learn\egg-example\node_modules\_egg-multipart@2.10.3@egg-multipart\app\schedule\clean_tmpdir.js
2021-01-23 17:23:28,782 INFO 10648 [egg-schedule]: register schedule D:\learn\learn\egg-example\node_modules\_egg-logrotator@3.1.0@egg-logrotator\app\schedule\clean_log.js
2021-01-23 17:23:28,782 INFO 10648 [egg-schedule]: register schedule D:\learn\learn\egg-example\node_modules\_egg-logrotator@3.1.0@egg-logrotator\app\schedule\rotate_by_file.js
2021-01-23 17:23:32,604 INFO 7164 [egg-schedule]: register schedule D:\learn\learn\egg-example\node_modules\_egg-multipart@2.10.3@egg-multipart\app\schedule\clean_tmpdir.js
2021-01-23 17:23:32,604 INFO 7164 [egg-schedule]: register schedule D:\learn\learn\egg-example\node_modules\_egg-logrotator@3.1.0@egg-logrotator\app\schedule\clean_log.js
2021-01-23 17:23:32,604 INFO 7164 [egg-schedule]: register schedule D:\learn\learn\egg-example\node_modules\_egg-logrotator@3.1.0@egg-logrotator\app\schedule\rotate_by_file.js
2021-01-23 17:23:40,436 INFO 8652 [egg-schedule]: register schedule D:\learn\learn\egg-example\node_modules\_egg-multipart@2.10.3@egg-multipart\app\schedule\clean_tmpdir.js
2021-01-23 17:23:40,436 INFO 8652 [egg-schedule]: register schedule D:\learn\learn\egg-example\node_modules\_egg-logrotator@3.1.0@egg-logrotator\app\schedule\clean_log.js
2021-01-23 17:23:40,436 INFO 8652 [egg-schedule]: register schedule D:\learn\learn\egg-example\node_modules\_egg-logrotator@3.1.0@egg-logrotator\app\schedule\rotate_by_file.js
2021-01-23 17:23:42,248 INFO 10484 [egg-schedule]: register schedule D:\learn\learn\egg-example\node_modules\_egg-multipart@2.10.3@egg-multipart\app\schedule\clean_tmpdir.js
2021-01-23 17:23:42,248 INFO 10484 [egg-schedule]: register schedule D:\learn\learn\egg-example\node_modules\_egg-logrotator@3.1.0@egg-logrotator\app\schedule\clean_log.js
2021-01-23 17:23:42,248 INFO 10484 [egg-schedule]: register schedule D:\learn\learn\egg-example\node_modules\_egg-logrotator@3.1.0@egg-logrotator\app\schedule\rotate_by_file.js
2021-01-23 17:23:43,581 INFO 10320 [egg-schedule]: register schedule D:\learn\learn\egg-example\node_modules\_egg-multipart@2.10.3@egg-multipart\app\schedule\clean_tmpdir.js
2021-01-23 17:23:43,581 INFO 10320 [egg-schedule]: register schedule D:\learn\learn\egg-example\node_modules\_egg-logrotator@3.1.0@egg-logrotator\app\schedule\clean_log.js
2021-01-23 17:23:43,581 INFO 10320 [egg-schedule]: register schedule D:\learn\learn\egg-example\node_modules\_egg-logrotator@3.1.0@egg-logrotator\app\schedule\rotate_by_file.js
2021-01-23 17:23:45,956 INFO 10632 [egg-schedule]: register schedule D:\learn\learn\egg-example\node_modules\_egg-multipart@2.10.3@egg-multipart\app\schedule\clean_tmpdir.js
2021-01-23 17:23:45,956 INFO 10632 [egg-schedule]: register schedule D:\learn\learn\egg-example\node_modules\_egg-logrotator@3.1.0@egg-logrotator\app\schedule\clean_log.js
2021-01-23 17:23:45,956 INFO 10632 [egg-schedule]: register schedule D:\learn\learn\egg-example\node_modules\_egg-logrotator@3.1.0@egg-logrotator\app\schedule\rotate_by_file.js
2021-01-23 17:23:51,339 INFO 10716 [egg-schedule]: register schedule D:\learn\learn\egg-example\node_modules\_egg-multipart@2.10.3@egg-multipart\app\schedule\clean_tmpdir.js
2021-01-23 17:23:51,339 INFO 10716 [egg-schedule]: register schedule D:\learn\learn\egg-example\node_modules\_egg-logrotator@3.1.0@egg-logrotator\app\schedule\clean_log.js
2021-01-23 17:23:51,339 INFO 10716 [egg-schedule]: register schedule D:\learn\learn\egg-example\node_modules\_egg-logrotator@3.1.0@egg-logrotator\app\schedule\rotate_by_file.js
2021-01-23 17:23:52,745 INFO 9272 [egg-schedule]: register schedule D:\learn\learn\egg-example\node_modules\_egg-multipart@2.10.3@egg-multipart\app\schedule\clean_tmpdir.js
2021-01-23 17:23:52,745 INFO 9272 [egg-schedule]: register schedule D:\learn\learn\egg-example\node_modules\_egg-logrotator@3.1.0@egg-logrotator\app\schedule\clean_log.js
2021-01-23 17:23:52,745 INFO 9272 [egg-schedule]: register schedule D:\learn\learn\egg-example\node_modules\_egg-logrotator@3.1.0@egg-logrotator\app\schedule\rotate_by_file.js
2021-01-23 17:23:54,945 INFO 11068 [egg-schedule]: register schedule D:\learn\learn\egg-example\node_modules\_egg-multipart@2.10.3@egg-multipart\app\schedule\clean_tmpdir.js
2021-01-23 17:23:54,945 INFO 11068 [egg-schedule]: register schedule D:\learn\learn\egg-example\node_modules\_egg-logrotator@3.1.0@egg-logrotator\app\schedule\clean_log.js
2021-01-23 17:23:54,945 INFO 11068 [egg-schedule]: register schedule D:\learn\learn\egg-example\node_modules\_egg-logrotator@3.1.0@egg-logrotator\app\schedule\rotate_by_file.js
2021-01-23 17:23:56,851 INFO 9472 [egg-schedule]: register schedule D:\learn\learn\egg-example\node_modules\_egg-multipart@2.10.3@egg-multipart\app\schedule\clean_tmpdir.js
2021-01-23 17:23:56,851 INFO 9472 [egg-schedule]: register schedule D:\learn\learn\egg-example\node_modules\_egg-logrotator@3.1.0@egg-logrotator\app\schedule\clean_log.js
2021-01-23 17:23:56,851 INFO 9472 [egg-schedule]: register schedule D:\learn\learn\egg-example\node_modules\_egg-logrotator@3.1.0@egg-logrotator\app\schedule\rotate_by_file.js
2021-01-23 17:23:59,516 INFO 7956 [egg-schedule]: register schedule D:\learn\learn\egg-example\node_modules\_egg-multipart@2.10.3@egg-multipart\app\schedule\clean_tmpdir.js
2021-01-23 17:23:59,516 INFO 7956 [egg-schedule]: register schedule D:\learn\learn\egg-example\node_modules\_egg-logrotator@3.1.0@egg-logrotator\app\schedule\clean_log.js
2021-01-23 17:23:59,516 INFO 7956 [egg-schedule]: register schedule D:\learn\learn\egg-example\node_modules\_egg-logrotator@3.1.0@egg-logrotator\app\schedule\rotate_by_file.js
2021-01-23 17:24:03,395 INFO 6308 [egg-schedule]: register schedule D:\learn\learn\egg-example\node_modules\_egg-multipart@2.10.3@egg-multipart\app\schedule\clean_tmpdir.js
2021-01-23 17:24:03,395 INFO 6308 [egg-schedule]: register schedule D:\learn\learn\egg-example\node_modules\_egg-logrotator@3.1.0@egg-logrotator\app\schedule\clean_log.js
2021-01-23 17:24:03,395 INFO 6308 [egg-schedule]: register schedule D:\learn\learn\egg-example\node_modules\_egg-logrotator@3.1.0@egg-logrotator\app\schedule\rotate_by_file.js
2021-01-23 17:24:42,229 INFO 9272 [egg-schedule]: register schedule D:\learn\learn\egg-example\node_modules\_egg-multipart@2.10.3@egg-multipart\app\schedule\clean_tmpdir.js
2021-01-23 17:24:42,229 INFO 9272 [egg-schedule]: register schedule D:\learn\learn\egg-example\node_modules\_egg-logrotator@3.1.0@egg-logrotator\app\schedule\clean_log.js
2021-01-23 17:24:42,229 INFO 9272 [egg-schedule]: register schedule D:\learn\learn\egg-example\node_modules\_egg-logrotator@3.1.0@egg-logrotator\app\schedule\rotate_by_file.js
2021-01-23 17:24:49,512 INFO 7508 [egg-schedule]: register schedule D:\learn\learn\egg-example\node_modules\_egg-multipart@2.10.3@egg-multipart\app\schedule\clean_tmpdir.js
2021-01-23 17:24:49,512 INFO 7508 [egg-schedule]: register schedule D:\learn\learn\egg-example\node_modules\_egg-logrotator@3.1.0@egg-logrotator\app\schedule\clean_log.js
2021-01-23 17:24:49,512 INFO 7508 [egg-schedule]: register schedule D:\learn\learn\egg-example\node_modules\_egg-logrotator@3.1.0@egg-logrotator\app\schedule\rotate_by_file.js
2021-01-23 17:24:51,801 INFO 9644 [egg-schedule]: register schedule D:\learn\learn\egg-example\node_modules\_egg-multipart@2.10.3@egg-multipart\app\schedule\clean_tmpdir.js
2021-01-23 17:24:51,802 INFO 9644 [egg-schedule]: register schedule D:\learn\learn\egg-example\node_modules\_egg-logrotator@3.1.0@egg-logrotator\app\schedule\clean_log.js
2021-01-23 17:24:51,802 INFO 9644 [egg-schedule]: register schedule D:\learn\learn\egg-example\node_modules\_egg-logrotator@3.1.0@egg-logrotator\app\schedule\rotate_by_file.js
2021-01-23 17:24:53,142 INFO 7728 [egg-schedule]: register schedule D:\learn\learn\egg-example\node_modules\_egg-multipart@2.10.3@egg-multipart\app\schedule\clean_tmpdir.js
2021-01-23 17:24:53,142 INFO 7728 [egg-schedule]: register schedule D:\learn\learn\egg-example\node_modules\_egg-logrotator@3.1.0@egg-logrotator\app\schedule\clean_log.js
2021-01-23 17:24:53,142 INFO 7728 [egg-schedule]: register schedule D:\learn\learn\egg-example\node_modules\_egg-logrotator@3.1.0@egg-logrotator\app\schedule\rotate_by_file.js
2021-01-23 17:25:26,122 INFO 10940 [egg-schedule]: register schedule D:\learn\learn\egg-example\node_modules\_egg-multipart@2.10.3@egg-multipart\app\schedule\clean_tmpdir.js
2021-01-23 17:25:26,122 INFO 10940 [egg-schedule]: register schedule D:\learn\learn\egg-example\node_modules\_egg-logrotator@3.1.0@egg-logrotator\app\schedule\clean_log.js
2021-01-23 17:25:26,122 INFO 10940 [egg-schedule]: register schedule D:\learn\learn\egg-example\node_modules\_egg-logrotator@3.1.0@egg-logrotator\app\schedule\rotate_by_file.js
2021-01-23 17:25:47,901 INFO 8244 [egg-schedule]: register schedule D:\learn\learn\egg-example\node_modules\_egg-multipart@2.10.3@egg-multipart\app\schedule\clean_tmpdir.js
2021-01-23 17:25:47,901 INFO 8244 [egg-schedule]: register schedule D:\learn\learn\egg-example\node_modules\_egg-logrotator@3.1.0@egg-logrotator\app\schedule\clean_log.js
2021-01-23 17:25:47,901 INFO 8244 [egg-schedule]: register schedule D:\learn\learn\egg-example\node_modules\_egg-logrotator@3.1.0@egg-logrotator\app\schedule\rotate_by_file.js
2021-04-20 16:11:47,710 INFO 11380 [Timer] D:\learn\egg-example\node_modules\egg-multipart\app\schedule\clean_tmpdir.js next time will execute after 44292293ms at 2021-04-21 04:30:00.003
2021-04-20 16:11:47,710 INFO 11380 [Timer] D:\learn\egg-example\node_modules\egg-logrotator\app\schedule\clean_log.js next time will execute after 28092290ms at 2021-04-21 00:00:00.000
2021-04-20 16:11:47,710 INFO 11380 [Timer] D:\learn\egg-example\node_modules\egg-logrotator\app\schedule\rotate_by_file.js next time will execute after 28093290ms at 2021-04-21 00:00:01.000
2021-04-20 16:11:47,580 INFO 12180 [egg-schedule]: register schedule D:\learn\egg-example\node_modules\egg-multipart\app\schedule\clean_tmpdir.js
2021-04-20 16:11:47,581 INFO 12180 [egg-schedule]: register schedule D:\learn\egg-example\node_modules\egg-logrotator\app\schedule\clean_log.js
2021-04-20 16:11:47,581 INFO 12180 [egg-schedule]: register schedule D:\learn\egg-example\node_modules\egg-logrotator\app\schedule\rotate_by_file.js
2021-04-20 16:11:48,627 INFO 19164 [egg-schedule]: register schedule D:\learn\egg-example\node_modules\egg-multipart\app\schedule\clean_tmpdir.js
2021-04-20 16:11:48,627 INFO 19164 [egg-schedule]: register schedule D:\learn\egg-example\node_modules\egg-logrotator\app\schedule\clean_log.js
2021-04-20 16:11:48,627 INFO 19164 [egg-schedule]: register schedule D:\learn\egg-example\node_modules\egg-logrotator\app\schedule\rotate_by_file.js
